[debug] [2024-02-20T15:22:33.100Z] ----------------------------------------------------------------------
[debug] [2024-02-20T15:22:33.103Z] Command:       C:\Program Files\nodejs\node.exe C:\Users\WISDOM\AppData\Roaming\npm\node_modules\firebase-tools\lib\bin\firebase.js init
[debug] [2024-02-20T15:22:33.103Z] CLI Version:   13.3.0
[debug] [2024-02-20T15:22:33.103Z] Platform:      win32
[debug] [2024-02-20T15:22:33.103Z] Node Version:  v21.6.1
[debug] [2024-02-20T15:22:33.103Z] Time:          Tue Feb 20 2024 10:22:33 GMT-0500 (Eastern Standard Time)
[debug] [2024-02-20T15:22:33.104Z] ----------------------------------------------------------------------
[debug] 
[debug] [2024-02-20T15:22:33.161Z] > command requires scopes: ["email","openid","https://www.googleapis.com/auth/cloudplatformprojects.readonly","https://www.googleapis.com/auth/firebase","https://www.googleapis.com/auth/cloud-platform"]
[debug] [2024-02-20T15:22:33.162Z] > authorizing via signed-in user (makingm3@gmail.com)
[info] 
     ######## #### ########  ######## ########     ###     ######  ########
     ##        ##  ##     ## ##       ##     ##  ##   ##  ##       ##
     ######    ##  ########  ######   ########  #########  ######  ######
     ##        ##  ##    ##  ##       ##     ## ##     ##       ## ##
     ##       #### ##     ## ######## ########  ##     ##  ######  ########

You're about to initialize a Firebase project in this directory:

  C:\Users\WISDOM\Documents\cyse1008

Before we get started, keep in mind:

  * You are initializing within an existing Firebase project directory

